Arguments: 
  /usr/local/bin/iojs /usr/local/Cellar/yarn/1.6.0/libexec/bin/yarn.js install

PATH: 
  /Users/slavab/go/bin:/Library/Frameworks/Python.framework/Versions/2.7/bin:/Library/Frameworks/Python.framework/Versions/3.4/bin:/Library/Frameworks/Python.framework/Versions/3.4/bin:/Users/slavab/.rvm/gems/ruby-2.1.2/bin:/Users/slavab/.rvm/gems/ruby-2.1.2@global/bin:/Users/slavab/.rvm/rubies/ruby-2.1.2/bin:/Users/slavab/google-cloud-sdk/bin:/Users/slavab/.npm-packages/bin:/usr/local/bin:/usr/local/share/npm/lib/node_modules/grunt-cli/bin:/usr/local/sbin:/usr/local/bin:/usr/bin:/bin:/usr/sbin:/sbin:/opt/X11/bin:/usr/local/go/bin::/Users/slavab/.rvm/bin:/Users/slavab/Library/Android/sdk/tools:/Users/slavab/Library/Android/sdk/platform-tools

Yarn version: 
  1.6.0

Node version: 
  9.4.0

Platform: 
  darwin x64

Trace: 
  Error: EACCES: permission denied, unlink '/Users/slavab/local/drizzle/node_modules/bignumber.js/.travis.yml'

npm manifest: 
  {
    "name": "drizzle",
    "version": "1.2.2",
    "description": "A reactive data-store for web3 and smart contracts.",
    "main": "dist/drizzle.js",
    "repository": {
      "type": "git",
      "url": "https://github.com/trufflesuite/drizzle"
    },
    "scripts": {
      "build": "webpack --config webpack.config.js",
      "dev": "webpack --config webpack.config.js --watch"
    },
    "keywords": [
      "ethereum",
      "redux",
      "redux-saga"
    ],
    "author": {
      "name": "Josh Quintal",
      "email": "josh@trufflesuite.com",
      "url": "http://truffleframework.com/docs/drizzle/getting-started"
    },
    "license": "ISC",
    "dependencies": {
      "deepmerge": "^2.1.1",
      "eth-block-tracker-es5": "^2.3.2",
      "is-plain-object": "^2.0.4",
      "redux": "^4.0.0",
      "redux-saga": "^0.16.0",
      "web3": "^1.0.0-beta.34",
      "webpack": "^4.12.0"
    },
    "devDependencies": {
      "babel-core": "^6.26.3",
      "babel-loader": "^7.1.4",
      "babel-plugin-transform-es2015-arrow-functions": "^6.22.0",
      "babel-plugin-transform-object-rest-spread": "^6.26.0",
      "babel-plugin-transform-runtime": "^6.23.0",
      "babel-preset-env": "^1.7.0",
      "webpack-cli": "^3.0.8"
    }
  }

yarn manifest: 
  No manifest

Lockfile: 
  No lockfile
